<?xml version="1.0" encoding="UTF-8"?>
<robot generator="Robot 3.2.1 (Python 3.8.3 on win32)" generated="20200603 17:03:00.596" rpa="false">
<suite id="s1" name="Testcase" source="C:\Users\abarrime\Documents\NetBeansProjects\ANTProjects\RobotFramework\testcase.robot">
<test id="s1-t1" name="Valid Login">
<kw name="Open Browser To Login Page">
<msg timestamp="20200603 17:03:01.149" level="FAIL">No keyword with name 'Open Browser To Login Page' found.</msg>
<status status="FAIL" starttime="20200603 17:03:01.148" endtime="20200603 17:03:01.150"></status>
</kw>
<kw name="Close Browser" type="teardown">
<msg timestamp="20200603 17:03:01.196" level="FAIL">No keyword with name 'Close Browser' found.</msg>
<status status="FAIL" starttime="20200603 17:03:01.195" endtime="20200603 17:03:01.197">No keyword with name 'Close Browser' found.</status>
</kw>
<status status="FAIL" starttime="20200603 17:03:01.113" endtime="20200603 17:03:01.213" critical="yes">No keyword with name 'Open Browser To Login Page' found.

Also teardown failed:
No keyword with name 'Close Browser' found.</status>
</test>
<doc>A test suite with a single test for valid login.

This test has a workflow that is created using keywords in
the imported resource file.</doc>
<status status="FAIL" starttime="20200603 17:03:00.635" endtime="20200603 17:03:01.266"></status>
</suite>
<statistics>
<total>
<stat pass="0" fail="1">Critical Tests</stat>
<stat pass="0" fail="1">All Tests</stat>
</total>
<tag>
</tag>
<suite>
<stat pass="0" fail="1" id="s1" name="Testcase">Testcase</stat>
</suite>
</statistics>
<errors>
<msg timestamp="20200603 17:03:01.086" level="WARN">Imported resource file 'C:\Users\abarrime\Documents\NetBeansProjects\ANTProjects\RobotFramework\resource.txt' is empty.</msg>
</errors>
</robot>
